# JRE version: 7.0_25-b15
# Java VM: Java HotSpot(TM) 64-Bit Server VM (23.25-b01 mixed mode linux-amd64 compressed oops)
Heap
 PSYoungGen      total 1238400K, used 938722K [0x00000007ad000000, 0x0000000800000000, 0x0000000800000000)
  eden space 1158656K, 74% used [0x00000007ad000000,0x00000007e16e2550,0x00000007f3b80000)
  from space 79744K, 99% used [0x00000007f3b80000,0x00000007f89562e0,0x00000007f8960000)
  to   space 110080K, 0% used [0x00000007f9480000,0x00000007f9480000,0x0000000800000000)
 ParOldGen       total 289024K, used 207662K [0x0000000707000000, 0x0000000718a40000, 0x00000007ad000000)
  object space 289024K, 71% used [0x0000000707000000,0x0000000713acb998,0x0000000718a40000)
 PSPermGen       total 48512K, used 48356K [0x0000000701e00000, 0x0000000704d60000, 0x0000000707000000)
  object space 48512K, 99% used [0x0000000701e00000,0x0000000704d39140,0x0000000704d60000)
GC Heap History (10 events):
Event: 20.505 GC heap before
{Heap before GC invocations=12 (full 1):
 PSYoungGen      total 1237248K, used 1170793K [0x00000007ad000000, 0x00000007ff300000, 0x0000000800000000)
  eden space 1143552K, 100% used [0x00000007ad000000,0x00000007f2cc0000,0x00000007f2cc0000)
  from space 93696K, 29% used [0x00000007f9780000,0x00000007fb21a750,0x00000007ff300000)
  to   space 101504K, 0% used [0x00000007f2cc0000,0x00000007f2cc0000,0x00000007f8fe0000)
 ParOldGen       total 289024K, used 146027K [0x0000000707000000, 0x0000000718a40000, 0x00000007ad000000)
  object space 289024K, 50% used [0x0000000707000000,0x000000070fe9ad08,0x0000000718a40000)
 PSPermGen       total 40256K, used 37992K [0x0000000701e00000, 0x0000000704550000, 0x0000000707000000)
  object space 40256K, 94% used [0x0000000701e00000,0x000000070431a3b8,0x0000000704550000)
Event: 20.561 GC heap after
Heap after GC invocations=12 (full 1):
 PSYoungGen      total 1245056K, used 56397K [0x00000007ad000000, 0x0000000800000000, 0x0000000800000000)
  eden space 1143552K, 0% used [0x00000007ad000000,0x00000007ad000000,0x00000007f2cc0000)
  from space 101504K, 55% used [0x00000007f2cc0000,0x00000007f63d3710,0x00000007f8fe0000)
  to   space 102592K, 0% used [0x00000007f9bd0000,0x00000007f9bd0000,0x0000000800000000)
 ParOldGen       total 289024K, used 157084K [0x0000000707000000, 0x0000000718a40000, 0x00000007ad000000)
  object space 289024K, 54% used [0x0000000707000000,0x00000007109673e8,0x0000000718a40000)
 PSPermGen       total 40256K, used 37992K [0x0000000701e00000, 0x0000000704550000, 0x0000000707000000)
  object space 40256K, 94% used [0x0000000701e00000,0x000000070431a3b8,0x0000000704550000)
}
Event: 30.247 GC heap before
{Heap before GC invocations=13 (full 1):
 PSYoungGen      total 1245056K, used 1199949K [0x00000007ad000000, 0x0000000800000000, 0x0000000800000000)
  eden space 1143552K, 100% used [0x00000007ad000000,0x00000007f2cc0000,0x00000007f2cc0000)
  from space 101504K, 55% used [0x00000007f2cc0000,0x00000007f63d3710,0x00000007f8fe0000)
  to   space 102592K, 0% used [0x00000007f9bd0000,0x00000007f9bd0000,0x0000000800000000)
 ParOldGen       total 289024K, used 157084K [0x0000000707000000, 0x0000000718a40000, 0x00000007ad000000)
  object space 289024K, 54% used [0x0000000707000000,0x00000007109673e8,0x0000000718a40000)
 PSPermGen       total 40256K, used 39661K [0x0000000701e00000, 0x0000000704550000, 0x0000000707000000)
  object space 40256K, 98% used [0x0000000701e00000,0x00000007044bb6b0,0x0000000704550000)
Event: 30.297 GC heap after
Heap after GC invocations=13 (full 1):
 PSYoungGen      total 1247296K, used 38656K [0x00000007ad000000, 0x00000007ff530000, 0x0000000800000000)
  eden space 1155776K, 0% used [0x00000007ad000000,0x00000007ad000000,0x00000007f38b0000)
  from space 91520K, 42% used [0x00000007f9bd0000,0x00000007fc1903b0,0x00000007ff530000)
  to   space 96512K, 0% used [0x00000007f38b0000,0x00000007f38b0000,0x00000007f96f0000)
 ParOldGen       total 289024K, used 189794K [0x0000000707000000, 0x0000000718a40000, 0x00000007ad000000)
  object space 289024K, 65% used [0x0000000707000000,0x0000000712958b88,0x0000000718a40000)
 PSPermGen       total 40256K, used 39661K [0x0000000701e00000, 0x0000000704550000, 0x0000000707000000)
  object space 40256K, 98% used [0x0000000701e00000,0x00000007044bb6b0,0x0000000704550000)
}
Event: 32.963 GC heap before
{Heap before GC invocations=14 (full 1):
 PSYoungGen      total 1247296K, used 1194432K [0x00000007ad000000, 0x00000007ff530000, 0x0000000800000000)
  eden space 1155776K, 100% used [0x00000007ad000000,0x00000007f38b0000,0x00000007f38b0000)
  from space 91520K, 42% used [0x00000007f9bd0000,0x00000007fc1903b0,0x00000007ff530000)
  to   space 96512K, 0% used [0x00000007f38b0000,0x00000007f38b0000,0x00000007f96f0000)
 ParOldGen       total 289024K, used 189794K [0x0000000707000000, 0x0000000718a40000, 0x00000007ad000000)
  object space 289024K, 65% used [0x0000000707000000,0x0000000712958b88,0x0000000718a40000)
 PSPermGen       total 40256K, used 39682K [0x0000000701e00000, 0x0000000704550000, 0x0000000707000000)
  object space 40256K, 98% used [0x0000000701e00000,0x00000007044c09a8,0x0000000704550000)
Event: 32.981 GC heap after
Heap after GC invocations=14 (full 1):
 PSYoungGen      total 1252288K, used 1864K [0x00000007ad000000, 0x0000000800000000, 0x0000000800000000)
  eden space 1155776K, 0% used [0x00000007ad000000,0x00000007ad000000,0x00000007f38b0000)
  from space 96512K, 1% used [0x00000007f38b0000,0x00000007f3a82308,0x00000007f96f0000)
  to   space 96704K, 0% used [0x00000007fa190000,0x00000007fa190000,0x0000000800000000)
 ParOldGen       total 289024K, used 207643K [0x0000000707000000, 0x0000000718a40000, 0x00000007ad000000)
  object space 289024K, 71% used [0x0000000707000000,0x0000000713ac6cf0,0x0000000718a40000)
 PSPermGen       total 40256K, used 39682K [0x0000000701e00000, 0x0000000704550000, 0x0000000707000000)
  object space 40256K, 98% used [0x0000000701e00000,0x00000007044c09a8,0x0000000704550000)
}
Event: 41.268 GC heap before
{Heap before GC invocations=15 (full 1):
 PSYoungGen      total 1252288K, used 1150793K [0x00000007ad000000, 0x0000000800000000, 0x0000000800000000)
  eden space 1155776K, 99% used [0x00000007ad000000,0x00000007f3200108,0x00000007f38b0000)
  from space 96512K, 1% used [0x00000007f38b0000,0x00000007f3a82308,0x00000007f96f0000)
  to   space 96704K, 0% used [0x00000007fa190000,0x00000007fa190000,0x0000000800000000)
 ParOldGen       total 289024K, used 207643K [0x0000000707000000, 0x0000000718a40000, 0x00000007ad000000)
  object space 289024K, 71% used [0x0000000707000000,0x0000000713ac6cf0,0x0000000718a40000)
 PSPermGen       total 42944K, used 42850K [0x0000000701e00000, 0x00000007047f0000, 0x0000000707000000)
  object space 42944K, 99% used [0x0000000701e00000,0x00000007047d8950,0x00000007047f0000)
Event: 41.304 GC heap after
Heap after GC invocations=15 (full 1):
 PSYoungGen      total 1255360K, used 61467K [0x00000007ad000000, 0x0000000800000000, 0x0000000800000000)
  eden space 1158656K, 0% used [0x00000007ad000000,0x00000007ad000000,0x00000007f3b80000)
  from space 96704K, 63% used [0x00000007fa190000,0x00000007fdd96ee8,0x0000000800000000)
  to   space 100608K, 0% used [0x00000007f3b80000,0x00000007f3b80000,0x00000007f9dc0000)
 ParOldGen       total 289024K, used 207651K [0x0000000707000000, 0x0000000718a40000, 0x00000007ad000000)
  object space 289024K, 71% used [0x0000000707000000,0x0000000713ac8cf0,0x0000000718a40000)
 PSPermGen       total 42944K, used 42850K [0x0000000701e00000, 0x00000007047f0000, 0x0000000707000000)
  object space 42944K, 99% used [0x0000000701e00000,0x00000007047d8950,0x00000007047f0000)
}
Event: 187.642 GC heap before
{Heap before GC invocations=16 (full 1):
 PSYoungGen      total 1255360K, used 1220123K [0x00000007ad000000, 0x0000000800000000, 0x0000000800000000)
  eden space 1158656K, 100% used [0x00000007ad000000,0x00000007f3b80000,0x00000007f3b80000)
  from space 96704K, 63% used [0x00000007fa190000,0x00000007fdd96ee8,0x0000000800000000)
  to   space 100608K, 0% used [0x00000007f3b80000,0x00000007f3b80000,0x00000007f9dc0000)
 ParOldGen       total 289024K, used 207654K [0x0000000707000000, 0x0000000718a40000, 0x00000007ad000000)
  object space 289024K, 71% used [0x0000000707000000,0x0000000713ac9998,0x0000000718a40000)
 PSPermGen       total 48512K, used 48342K [0x0000000701e00000, 0x0000000704d60000, 0x0000000707000000)
  object space 48512K, 99% used [0x0000000701e00000,0x0000000704d35bf8,0x0000000704d60000)
Event: 187.685 GC heap after
Heap after GC invocations=16 (full 1):
 PSYoungGen      total 1238400K, used 79704K [0x00000007ad000000, 0x0000000800000000, 0x0000000800000000)
  eden space 1158656K, 0% used [0x00000007ad000000,0x00000007ad000000,0x00000007f3b80000)
  from space 79744K, 99% used [0x00000007f3b80000,0x00000007f89562e0,0x00000007f8960000)
  to   space 110080K, 0% used [0x00000007f9480000,0x00000007f9480000,0x0000000800000000)
 ParOldGen       total 289024K, used 207662K [0x0000000707000000, 0x0000000718a40000, 0x00000007ad000000)
  object space 289024K, 71% used [0x0000000707000000,0x0000000713acb998,0x0000000718a40000)
 PSPermGen       total 48512K, used 48342K [0x0000000701e00000, 0x0000000704d60000, 0x0000000707000000)
  object space 48512K, 99% used [0x0000000701e00000,0x0000000704d35bf8,0x0000000704d60000)
}

